<?xml version="1.0" encoding="UTF-8"?>
<!-- Generated by org.testng.reporters.JUnitReportReporter -->
<testsuite hostname="DESKTOP-NFUTGEN" failures="0" tests="1" name="Sriprojectnew.Srimavenproject.Second" time="13.592" errors="0" timestamp="2024-10-02T16:32:25 IST" skipped="0">
  <testcase classname="Sriprojectnew.Srimavenproject.Second" name="got" time="13.592"/>
</testsuite> <!-- Sriprojectnew.Srimavenproject.Second -->
