<?xml version="1.0" encoding="UTF-8"?>
<!-- Generated by org.testng.reporters.JUnitReportReporter -->
<testsuite hostname="DESKTOP-NFUTGEN" failures="0" tests="2" name="Sriprojectnew.Srimavenproject.First" time="43.500" errors="0" timestamp="2024-10-02T16:32:25 IST" skipped="0">
  <testcase classname="Sriprojectnew.Srimavenproject.First" name="sriram" time="36.594"/>
  <testcase classname="Sriprojectnew.Srimavenproject.First" name="got" time="6.906"/>
</testsuite> <!-- Sriprojectnew.Srimavenproject.First -->
