<?xml version="1.0" encoding="UTF-8"?>
<!-- Generated by org.testng.reporters.JUnitReportReporter -->
<testsuite hostname="DESKTOP-NFUTGEN" failures="0" tests="1" name="Sriprojectnew.Srimavenproject.Second" time="10.610" errors="0" timestamp="2024-10-02T17:18:15 IST" skipped="0">
  <testcase classname="Sriprojectnew.Srimavenproject.Second" name="got" time="10.610"/>
</testsuite> <!-- Sriprojectnew.Srimavenproject.Second -->
