<?xml version="1.0" encoding="UTF-8"?>
<!-- Generated by org.testng.reporters.JUnitReportReporter -->
<testsuite hostname="DESKTOP-NFUTGEN" failures="0" tests="2" name="Sriprojectnew.Srimavenproject.First" time="40.145" errors="0" timestamp="2024-10-02T17:18:15 IST" skipped="0">
  <testcase classname="Sriprojectnew.Srimavenproject.First" name="got" time="4.965"/>
  <testcase classname="Sriprojectnew.Srimavenproject.First" name="sriram" time="35.180"/>
</testsuite> <!-- Sriprojectnew.Srimavenproject.First -->
